{"level":"info","message":"fetch contest","service":"user-service"}
{"level":"info","message":"fetch contest","service":"user-service","timestamp":"2022-08-15T13:55:47.441Z"}
{"level":"info","message":"fetch contest success","service":"meta-service","timestamp":"2022-08-15T14:29:30.755Z"}
{"level":"info","message":"fetch contest success","service":"meta-service","timestamp":"2022-08-15T14:30:52.183Z"}
{"component":"creator-contests","level":"info","message":"fetch contest success","service":"meta-service","timestamp":"2022-08-15T14:33:13.201Z"}
{"level":"info","message":"fetch contest success","service":"meta-service","timestamp":"2022-08-15T14:33:34.826Z"}
{"component":"creator-contests","level":"info","message":"fetch contest stream success","service":"backend","timestamp":"2022-08-15T14:38:54.996Z"}
{"component":"creator-contests","level":"info","message":"fetch contest stream success","service":"backend","timestamp":"2022-08-15T15:15:37.347Z"}
{"component":"creator-contests","level":"info","message":"fetch contest stream success","service":"backend","timestamp":"2022-08-15T15:15:46.176Z"}
{"component":"creator-contests","level":"info","message":"fetch contest stream success","service":"backend","timestamp":"2022-08-15T15:16:06.026Z"}
{"component":"creator-contests","level":"info","message":"fetch contest stream success","service":"backend","timestamp":"2022-08-15T15:16:16.750Z"}
{"component":"creator-contests","level":"info","message":"fetch contest stream success","service":"backend","timestamp":"2022-08-15T15:17:04.729Z"}
{"component":"creator-contests","level":"info","message":"fetch contest stream success","service":"backend","timestamp":"2022-08-15T15:17:07.929Z"}
{"component":"creator-contests","level":"info","message":"fetch contest stream success","service":"backend","timestamp":"2022-08-15T15:17:28.497Z"}
{"component":"creator-contests","level":"info","message":"fetch contest stream success","service":"backend","timestamp":"2022-08-15T15:18:37.148Z"}
{"component":"creator-contests","level":"info","message":"fetch contest stream success","service":"backend","timestamp":"2022-08-15T15:19:03.059Z"}
{"component":"creator-contests","level":"info","message":"fetch contest stream success","service":"backend","timestamp":"2022-08-15T15:31:07.138Z"}
{"component":"creator-contests","level":"info","message":"fetch contest stream success","service":"backend","timestamp":"2022-08-15T15:31:31.422Z"}
{"component":"creator-contests","level":"info","message":"fetch contest stream success","service":"backend","timestamp":"2022-08-15T15:33:38.756Z"}
{"component":"creator-contests","level":"info","message":"fetch contest stream success","service":"backend","timestamp":"2022-08-15T16:34:30.360Z"}
{"component":"creator-contests","level":"info","message":"fetch contest stream success","service":"backend","timestamp":"2022-08-15T17:02:57.195Z"}
{"component":"creator-contests","level":"info","message":"fetch contest stream success","service":"backend","timestamp":"2022-08-15T17:05:29.320Z"}
{"component":"creator-contests","level":"info","message":"fetch contest stream success","service":"backend","timestamp":"2022-08-15T17:05:40.552Z"}
{"component":"creator-contests","level":"info","message":"fetch contest stream success","service":"backend","timestamp":"2022-08-15T17:15:03.705Z"}
{"component":"creator-contests","level":"info","message":"fetch contest stream success","service":"backend","timestamp":"2022-08-15T17:15:09.843Z"}
{"component":"creator-contests","level":"info","message":"fetch contest stream success","service":"backend","timestamp":"2022-08-15T17:16:22.022Z"}
{"component":"creator-contests","level":"info","message":"fetch contest stream success","service":"backend","timestamp":"2022-08-15T17:16:47.133Z"}
{"component":"creator-contests","level":"info","message":"fetch contest stream success","service":"backend","timestamp":"2022-08-15T17:17:36.003Z"}
{"component":"creator-contests","level":"info","message":"fetch contest stream success","service":"backend","timestamp":"2022-08-15T17:18:46.876Z"}
{"component":"creator-contests","level":"info","message":"fetch contest stream success","service":"backend","timestamp":"2022-08-15T17:19:14.440Z"}
{"component":"creator-contests","level":"info","message":"fetch contest stream success","service":"backend","timestamp":"2022-08-15T17:20:17.015Z"}
{"component":"creator-contests","level":"info","message":"fetch contest stream success","service":"backend","timestamp":"2022-08-15T17:23:47.216Z"}
{"component":"creator-contests","level":"info","message":"fetch contest stream success","service":"backend","timestamp":"2022-08-15T17:24:28.182Z"}
{"component":"creator-contests","level":"info","message":"fetch contest stream success","service":"backend","timestamp":"2022-08-15T17:29:39.726Z"}
{"component":"creator-contests","level":"info","message":"fetch contest stream success","service":"backend","timestamp":"2022-08-15T17:31:39.503Z"}
{"component":"creator-contests","level":"info","message":"fetch contest stream success","service":"backend","timestamp":"2022-08-15T17:37:02.622Z"}
{"component":"creator-contests","level":"info","message":"fetch contest stream success","service":"backend","timestamp":"2022-08-15T17:37:46.376Z"}
{"component":"creator-contests","level":"info","message":"fetch contest stream success","service":"backend","timestamp":"2022-08-15T17:38:00.932Z"}
{"component":"creator-contests","level":"info","message":"fetch contest stream success","service":"backend","timestamp":"2022-08-15T17:39:38.476Z"}
{"component":"creator-contests","level":"info","message":"fetch contest stream success","service":"backend","timestamp":"2022-08-15T17:48:42.591Z"}
{"component":"creator-contests","level":"info","message":"fetch contest stream success","service":"backend","timestamp":"2022-08-15T17:52:07.893Z"}
{"component":"creator-contests","level":"info","message":"fetch contest stream success","service":"backend","timestamp":"2022-08-15T18:16:42.403Z"}
{"component":"creator-contests","level":"info","message":"fetch contest stream success","service":"backend","timestamp":"2022-08-15T18:37:32.407Z"}
{"component":"creator-contests","level":"info","message":"fetch contest stream success","service":"backend","timestamp":"2022-08-15T18:39:32.526Z"}
{"component":"creator-contests","level":"info","message":"fetch contest stream success","service":"backend","timestamp":"2022-08-15T18:41:17.849Z"}
{"component":"creator-contests","level":"info","message":"fetch contest stream success","service":"backend","timestamp":"2022-08-15T19:09:20.928Z"}
{"component":"creator-contests","level":"info","message":"fetch contest stream success","service":"backend","timestamp":"2022-08-15T19:15:09.698Z"}
{"component":"creator-contests","level":"info","message":"fetch contest stream success","service":"backend","timestamp":"2022-08-15T19:19:43.000Z"}
{"component":"creator-contests","level":"info","message":"fetch contest stream success","service":"backend","timestamp":"2022-08-15T19:21:19.193Z"}
{"component":"creator-contests","level":"info","message":"fetch contest stream success","service":"backend","timestamp":"2022-08-15T19:38:04.022Z"}
{"component":"creator-contests","level":"info","message":"fetch contest stream success","service":"backend","timestamp":"2022-08-15T19:38:38.480Z"}
{"component":"creator-contests","level":"info","message":"fetch contest stream success","service":"backend","timestamp":"2022-08-15T19:43:33.370Z"}
{"component":"creator-contests","level":"info","message":"fetch contest stream success","service":"backend","timestamp":"2022-08-15T19:47:50.147Z"}
{"component":"creator-contests","level":"info","message":"fetch contest stream success","service":"backend","timestamp":"2022-08-15T19:51:17.010Z"}
{"component":"creator-contests","level":"info","message":"fetch contest stream success","service":"backend","timestamp":"2022-08-15T20:02:50.489Z"}
{"component":"creator-contests","level":"info","message":"fetch contest stream success","service":"backend","timestamp":"2022-08-15T20:18:03.551Z"}
{"component":"creator-contests","level":"info","message":"fetch contest stream success","service":"backend","timestamp":"2022-08-15T20:19:32.369Z"}
{"component":"creator-contests","level":"info","message":"fetch contest stream success","service":"backend","timestamp":"2022-08-15T20:20:11.065Z"}
{"component":"creator-contests","level":"info","message":"fetch contest stream success","service":"backend","timestamp":"2022-08-15T21:07:53.259Z"}
{"component":"creator-contests","level":"info","message":"fetch contest stream success","service":"backend","timestamp":"2022-08-15T21:07:57.108Z"}
{"component":"creator-contests","level":"info","message":"fetch contest stream success","service":"backend","timestamp":"2022-08-15T21:08:13.741Z"}
{"component":"creator-contests","level":"info","message":"fetch contest stream success","service":"backend","timestamp":"2022-08-15T21:08:38.025Z"}
{"component":"creator-contests","level":"info","message":"fetch contest stream success","service":"backend","timestamp":"2022-08-15T21:08:42.906Z"}
{"component":"creator-contests","level":"info","message":"fetch contest stream success","service":"backend","timestamp":"2022-08-15T21:08:58.945Z"}
{"component":"creator-contests","level":"info","message":"fetch contest stream success","service":"backend","timestamp":"2022-08-15T21:09:11.910Z"}
{"component":"creator-contests","level":"info","message":"fetch contest stream success","service":"backend","timestamp":"2022-08-15T21:09:14.127Z"}
{"component":"creator-contests","level":"info","message":"fetch contest stream success","service":"backend","timestamp":"2022-08-15T21:52:54.390Z"}
{"component":"creator-contests","level":"info","message":"fetch contest stream success","service":"backend","timestamp":"2022-08-15T21:56:41.421Z"}
{"component":"creator-contests","level":"info","message":"fetch contest stream success","service":"backend","timestamp":"2022-08-15T22:04:25.597Z"}
{"component":"creator-contests","level":"info","message":"fetch contest stream success","service":"backend","timestamp":"2022-08-15T22:04:38.035Z"}
{"component":"creator-contests","level":"info","message":"fetch contest stream success","service":"backend","timestamp":"2022-08-15T22:11:40.048Z"}
{"component":"creator-contests","level":"info","message":"fetch contest stream success","service":"backend","timestamp":"2022-08-15T22:12:15.135Z"}
{"component":"creator-contests","level":"info","message":"fetch contest stream success","service":"backend","timestamp":"2022-08-15T22:12:59.803Z"}
{"component":"creator-contests","level":"info","message":"fetch contest stream success","service":"backend","timestamp":"2022-08-15T22:13:13.543Z"}
{"component":"creator-contests","level":"info","message":"fetch contest stream success","service":"backend","timestamp":"2022-08-15T22:15:36.222Z"}
{"component":"creator-contests","level":"info","message":"fetch contest stream success","service":"backend","timestamp":"2022-08-15T22:16:06.442Z"}
{"component":"creator-contests","level":"info","message":"fetch contest stream success","service":"backend","timestamp":"2022-08-15T22:16:34.099Z"}
{"component":"creator-contests","level":"info","message":"fetch contest stream success","service":"backend","timestamp":"2022-08-15T22:18:01.234Z"}
{"component":"creator-contests","level":"info","message":"fetch contest stream success","service":"backend","timestamp":"2022-08-15T22:18:04.458Z"}
{"component":"creator-contests","level":"info","message":"fetch contest stream success","service":"backend","timestamp":"2022-08-15T22:18:08.895Z"}
{"component":"creator-contests","level":"info","message":"fetch contest stream success","service":"backend","timestamp":"2022-08-15T22:18:30.603Z"}
{"component":"creator-contests","level":"info","message":"fetch contest stream success","service":"backend","timestamp":"2022-08-15T22:19:07.975Z"}
{"component":"creator-contests","level":"info","message":"fetch contest stream success","service":"backend","timestamp":"2022-08-15T22:31:18.597Z"}
{"component":"creator-contests","level":"info","message":"fetch contest stream success","service":"backend","timestamp":"2022-08-15T22:35:45.403Z"}
{"component":"creator-contests","level":"info","message":"fetch contest stream success","service":"backend","timestamp":"2022-08-15T22:35:56.393Z"}
{"component":"creator-contests","level":"info","message":"fetch contest stream success","service":"backend","timestamp":"2022-08-15T22:39:15.717Z"}
{"component":"creator-contests","level":"info","message":"fetch contest stream success","service":"backend","timestamp":"2022-08-16T00:40:09.426Z"}
{"component":"creator-contests","level":"info","message":"fetch contest stream success","service":"backend","timestamp":"2022-08-16T00:41:10.072Z"}
{"component":"creator-contests","level":"info","message":"fetch contest stream success","service":"backend","timestamp":"2022-08-16T00:43:27.717Z"}
{"component":"creator-contests","level":"info","message":"fetch contest stream success","service":"backend","timestamp":"2022-08-16T00:43:37.071Z"}
{"component":"creator-contests","level":"info","message":"fetch contest stream success","service":"backend","timestamp":"2022-08-16T14:50:37.781Z"}
{"component":"creator-contests","level":"info","message":"fetch contest stream success","service":"backend","timestamp":"2022-08-16T14:50:46.446Z"}
{"component":"creator-contests","level":"info","message":"fetch contest stream success","service":"backend","timestamp":"2022-08-16T15:04:16.552Z"}
{"component":"creator-contests","level":"info","message":"fetch contest stream success","service":"backend","timestamp":"2022-08-16T15:29:48.307Z"}
{"component":"creator-contests","level":"info","message":"fetch contest stream success","service":"backend","timestamp":"2022-08-16T15:46:35.755Z"}
{"component":"creator-contests","level":"info","message":"fetch contest stream success","service":"backend","timestamp":"2022-08-16T15:50:43.134Z"}
{"component":"creator-contests","level":"info","message":"fetch contest stream success","service":"backend","timestamp":"2022-08-16T15:52:48.341Z"}
{"component":"creator-contests","level":"info","message":"fetch contest stream success","service":"backend","timestamp":"2022-08-16T16:03:21.943Z"}
{"component":"creator-contests","level":"info","message":"fetch contest stream success","service":"backend","timestamp":"2022-08-16T16:14:06.163Z"}
{"component":"creator-contests","level":"info","message":"fetch contest stream success","service":"backend","timestamp":"2022-08-16T16:36:00.891Z"}
{"component":"creator-contests","level":"info","message":"fetch contest stream success","service":"backend","timestamp":"2022-08-16T16:36:59.814Z"}
{"component":"creator-contests","level":"info","message":"fetch contest stream success","service":"backend","timestamp":"2022-08-16T16:37:43.894Z"}
{"component":"creator-contests","level":"info","message":"fetch contest stream success","service":"backend","timestamp":"2022-08-16T16:53:00.555Z"}
{"component":"creator-contests","level":"info","message":"fetch contest stream success","service":"backend","timestamp":"2022-08-16T16:59:51.486Z"}
{"component":"creator-contests","level":"info","message":"fetch contest stream success","service":"backend","timestamp":"2022-08-16T17:00:26.037Z"}
{"component":"creator-contests","level":"info","message":"fetch contest stream success","service":"backend","timestamp":"2022-08-16T17:07:23.221Z"}
{"component":"creator-contests","level":"info","message":"fetch contest stream success","service":"backend","timestamp":"2022-08-16T17:14:15.451Z"}
{"component":"creator-contests","level":"info","message":"fetch contest stream success","service":"backend","timestamp":"2022-08-16T17:15:56.909Z"}
{"component":"creator-contests","level":"info","message":"fetch contest stream success","service":"backend","timestamp":"2022-08-16T17:20:39.344Z"}
{"component":"creator-contests","level":"info","message":"fetch contest stream success","service":"backend","timestamp":"2022-08-16T17:20:47.604Z"}
{"component":"creator-contests","level":"info","message":"fetch contest stream success","service":"backend","timestamp":"2022-08-16T17:33:03.463Z"}
{"component":"creator-contests","level":"info","message":"fetch contest stream success","service":"backend","timestamp":"2022-08-16T17:34:43.263Z"}
{"component":"creator-contests","level":"info","message":"fetch contest stream success","service":"backend","timestamp":"2022-08-16T17:38:03.307Z"}
{"component":"creator-contests","level":"info","message":"fetch contest stream success","service":"backend","timestamp":"2022-08-16T17:38:16.642Z"}
{"component":"creator-contests","level":"info","message":"fetch contest stream success","service":"backend","timestamp":"2022-08-16T17:40:07.520Z"}
{"component":"creator-contests","level":"info","message":"fetch contest stream success","service":"backend","timestamp":"2022-08-16T17:45:49.237Z"}
{"component":"creator-contests","level":"info","message":"fetch contest stream success","service":"backend","timestamp":"2022-08-16T17:50:36.002Z"}
{"component":"creator-contests","level":"info","message":"fetch contest stream success","service":"backend","timestamp":"2022-08-16T17:57:25.771Z"}
{"component":"creator-contests","level":"info","message":"fetch contest stream success","service":"backend","timestamp":"2022-08-16T18:02:59.702Z"}
{"component":"creator-contests","level":"info","message":"fetch contest stream success","service":"backend","timestamp":"2022-08-16T18:03:42.627Z"}
{"component":"creator-contests","level":"info","message":"fetch contest stream success","service":"backend","timestamp":"2022-08-16T18:08:26.695Z"}
{"component":"creator-contests","level":"info","message":"fetch contest stream success","service":"backend","timestamp":"2022-08-16T18:10:08.968Z"}
{"component":"creator-contests","level":"info","message":"fetch contest stream success","service":"backend","timestamp":"2022-08-16T18:27:27.926Z"}
{"component":"creator-contests","level":"info","message":"fetch contest stream success","service":"backend","timestamp":"2022-08-16T18:27:37.337Z"}
{"component":"creator-contests","level":"info","message":"fetch contest stream success","service":"backend","timestamp":"2022-08-16T18:31:56.121Z"}
{"component":"creator-contests","level":"info","message":"fetch contest stream success","service":"backend","timestamp":"2022-08-16T18:33:52.108Z"}
{"component":"creator-contests","level":"info","message":"fetch contest stream success","service":"backend","timestamp":"2022-08-16T18:40:22.498Z"}
{"component":"creator-contests","level":"info","message":"fetch contest stream success","service":"backend","timestamp":"2022-08-16T18:53:16.920Z"}
{"component":"creator-contests","level":"info","message":"fetch contest stream success","service":"backend","timestamp":"2022-08-16T18:57:26.957Z"}
{"component":"creator-contests","level":"info","message":"fetch contest stream success","service":"backend","timestamp":"2022-08-16T19:13:06.270Z"}
{"component":"creator-contests","level":"info","message":"fetch contest stream success","service":"backend","timestamp":"2022-08-16T19:18:30.542Z"}
{"component":"creator-contests","level":"info","message":"fetch contest stream success","service":"backend","timestamp":"2022-08-16T19:19:01.723Z"}
{"component":"creator-contests","level":"info","message":"fetch contest stream success","service":"backend","timestamp":"2022-08-16T19:20:14.987Z"}
{"component":"creator-contests","level":"info","message":"fetch contest stream success","service":"backend","timestamp":"2022-08-16T19:20:30.150Z"}
{"component":"creator-contests","level":"info","message":"fetch contest stream success","service":"backend","timestamp":"2022-08-16T19:32:47.608Z"}
{"component":"creator-contests","level":"info","message":"fetch contest stream success","service":"backend","timestamp":"2022-08-16T19:33:46.987Z"}
{"component":"creator-contests","level":"info","message":"fetch contest stream success","service":"backend","timestamp":"2022-08-16T19:45:21.829Z"}
{"component":"creator-contests","level":"info","message":"fetch contest stream success","service":"backend","timestamp":"2022-08-16T22:57:57.871Z"}
{"component":"creator-contests","level":"info","message":"fetch contest stream success","service":"backend","timestamp":"2022-08-16T23:08:52.455Z"}
{"component":"creator-contests","level":"info","message":"fetch contest stream success","service":"backend","timestamp":"2022-08-16T23:17:53.866Z"}
{"component":"creator-contests","level":"info","message":"fetch contest stream success","service":"backend","timestamp":"2022-08-16T23:53:55.353Z"}
{"component":"creator-contests","level":"info","message":"fetch contest stream success","service":"backend","timestamp":"2022-08-17T00:32:37.001Z"}
{"component":"creator-contests","level":"info","message":"fetch contest stream success","service":"backend","timestamp":"2022-08-17T00:34:52.444Z"}
{"component":"creator-contests","level":"info","message":"fetch contest stream success","service":"backend","timestamp":"2022-08-17T00:39:14.590Z"}
{"component":"creator-contests","level":"info","message":"fetch contest stream success","service":"backend","timestamp":"2022-08-17T00:40:17.913Z"}
{"component":"creator-contests","level":"info","message":"fetch contest stream success","service":"backend","timestamp":"2022-08-17T00:41:20.138Z"}
{"component":"creator-contests","level":"info","message":"fetch contest stream success","service":"backend","timestamp":"2022-08-17T00:46:30.589Z"}
{"component":"creator-contests","level":"info","message":"fetch contest stream success","service":"backend","timestamp":"2022-08-17T01:05:14.230Z"}
{"component":"creator-contests","level":"info","message":"fetch contest stream success","service":"backend","timestamp":"2022-08-17T01:14:30.943Z"}
{"component":"creator-contests","level":"info","message":"fetch contest stream success","service":"backend","timestamp":"2022-08-17T01:14:31.135Z"}
{"component":"creator-contests","level":"info","message":"fetch contest stream success","service":"backend","timestamp":"2022-08-17T01:14:31.933Z"}
{"component":"creator-contests","level":"info","message":"fetch contest stream success","service":"backend","timestamp":"2022-08-17T01:14:49.324Z"}
{"component":"creator-contests","level":"info","message":"fetch contest stream success","service":"backend","timestamp":"2022-08-17T13:42:56.083Z"}
{"component":"creator-contests","level":"info","message":"fetch contest stream success","service":"backend","timestamp":"2022-08-17T13:58:12.343Z"}
{"component":"creator-contests","level":"info","message":"fetch contest stream success","service":"backend","timestamp":"2022-08-17T13:58:15.818Z"}
{"component":"creator-contests","level":"info","message":"fetch contest stream success","service":"backend","timestamp":"2022-08-17T13:58:18.005Z"}
{"component":"creator-contests","level":"info","message":"fetch contest stream success","service":"backend","timestamp":"2022-08-17T14:01:36.508Z"}
{"component":"creator-contests","level":"info","message":"fetch contest stream success","service":"backend","timestamp":"2022-08-17T14:04:25.299Z"}
{"component":"creator-contests","level":"info","message":"fetch contest stream success","service":"backend","timestamp":"2022-08-17T14:04:30.101Z"}
{"component":"creator-contests","level":"info","message":"fetch contest stream success","service":"backend","timestamp":"2022-08-17T14:04:51.457Z"}
{"component":"creator-contests","level":"info","message":"fetch contest stream success","service":"backend","timestamp":"2022-08-17T14:25:40.115Z"}
{"component":"creator-contests","level":"info","message":"fetch contest stream success","service":"backend","timestamp":"2022-08-17T14:26:14.441Z"}
{"component":"creator-contests","level":"info","message":"fetch contest stream success","service":"backend","timestamp":"2022-08-17T14:27:43.782Z"}
{"component":"creator-contests","level":"info","message":"fetch contest stream success","service":"backend","timestamp":"2022-08-17T14:32:59.113Z"}
{"component":"creator-contests","level":"info","message":"fetch contest stream success","service":"backend","timestamp":"2022-08-17T14:34:25.245Z"}
{"component":"creator-contests","level":"info","message":"fetch contest stream success","service":"backend","timestamp":"2022-08-17T14:34:29.835Z"}
{"component":"creator-contests","level":"info","message":"fetch contest stream success","service":"backend","timestamp":"2022-08-17T14:38:38.224Z"}
{"component":"creator-contests","level":"info","message":"fetch contest stream success","service":"backend","timestamp":"2022-08-17T14:38:41.055Z"}
{"component":"creator-contests","level":"info","message":"fetch contest stream success","service":"backend","timestamp":"2022-08-17T14:42:04.520Z"}
{"component":"creator-contests","level":"info","message":"fetch contest stream success","service":"backend","timestamp":"2022-08-17T14:44:17.727Z"}
{"component":"creator-contests","level":"info","message":"fetch contest stream success","service":"backend","timestamp":"2022-08-17T14:46:01.259Z"}
{"component":"creator-contests","level":"info","message":"fetch contest stream success","service":"backend","timestamp":"2022-08-17T14:46:13.016Z"}
{"component":"creator-contests","level":"info","message":"fetch contest stream success","service":"backend","timestamp":"2022-08-17T14:53:49.544Z"}
{"component":"creator-contests","level":"info","message":"fetch contest stream success","service":"backend","timestamp":"2022-08-17T14:55:00.767Z"}
{"component":"creator-contests","level":"info","message":"fetch contest stream success","service":"backend","timestamp":"2022-08-17T14:56:04.146Z"}
{"component":"creator-contests","level":"info","message":"fetch contest stream success","service":"backend","timestamp":"2022-08-17T15:02:43.892Z"}
{"component":"creator-contests","level":"info","message":"fetch contest stream success","service":"backend","timestamp":"2022-08-17T15:15:35.534Z"}
{"component":"creator-contests","level":"info","message":"fetch contest stream success","service":"backend","timestamp":"2022-08-17T15:23:23.409Z"}
{"component":"creator-contests","level":"info","message":"fetch contest stream success","service":"backend","timestamp":"2022-08-17T15:26:05.980Z"}
{"component":"creator-contests","level":"info","message":"fetch contest stream success","service":"backend","timestamp":"2022-08-17T15:44:17.105Z"}
{"component":"creator-contests","level":"info","message":"fetch contest stream success","service":"backend","timestamp":"2022-08-17T15:47:49.298Z"}
{"component":"creator-contests","level":"info","message":"fetch contest stream success","service":"backend","timestamp":"2022-08-17T15:53:09.225Z"}
{"component":"creator-contests","level":"info","message":"fetch contest stream success","service":"backend","timestamp":"2022-08-17T17:01:19.024Z"}
{"component":"creator-contests","level":"info","message":"fetch contest stream success","service":"backend","timestamp":"2022-08-17T17:12:13.718Z"}
{"component":"creator-contests","level":"info","message":"fetch contest stream success","service":"backend","timestamp":"2022-08-17T17:18:18.992Z"}
{"component":"creator-contests","level":"info","message":"fetch contest stream success","service":"backend","timestamp":"2022-08-17T17:31:26.924Z"}
{"component":"creator-contests","level":"info","message":"fetch contest stream success","service":"backend","timestamp":"2022-08-17T17:41:49.196Z"}
{"component":"creator-contests","level":"info","message":"fetch contest stream success","service":"backend","timestamp":"2022-08-17T18:30:39.699Z"}
{"component":"creator-contests","level":"info","message":"fetch contest stream success","service":"backend","timestamp":"2022-08-17T18:49:18.266Z"}
{"component":"creator-contests","level":"info","message":"fetch contest stream success","service":"backend","timestamp":"2022-08-17T18:49:37.665Z"}
{"component":"creator-contests","level":"info","message":"fetch contest stream success","service":"backend","timestamp":"2022-08-17T18:49:51.544Z"}
{"component":"creator-contests","level":"info","message":"fetch contest stream success","service":"backend","timestamp":"2022-08-17T18:50:49.451Z"}
{"component":"creator-contests","level":"info","message":"fetch contest stream success","service":"backend","timestamp":"2022-08-17T18:50:57.133Z"}
{"component":"creator-contests","level":"info","message":"fetch contest stream success","service":"backend","timestamp":"2022-08-17T18:51:06.102Z"}
{"component":"creator-contests","level":"info","message":"fetch contest stream success","service":"backend","timestamp":"2022-08-17T18:55:56.957Z"}
{"component":"creator-contests","level":"info","message":"fetch contest stream success","service":"backend","timestamp":"2022-08-17T18:56:50.032Z"}
{"component":"creator-contests","level":"info","message":"fetch contest stream success","service":"backend","timestamp":"2022-08-17T19:00:17.697Z"}
{"component":"creator-contests","level":"info","message":"fetch contest stream success","service":"backend","timestamp":"2022-08-17T19:00:45.953Z"}
{"component":"creator-contests","level":"info","message":"fetch contest stream success","service":"backend","timestamp":"2022-08-17T19:07:42.904Z"}
{"component":"creator-contests","level":"info","message":"fetch contest stream success","service":"backend","timestamp":"2022-08-17T19:09:16.821Z"}
{"component":"creator-contests","level":"info","message":"fetch contest stream success","service":"backend","timestamp":"2022-08-17T19:09:25.289Z"}
{"component":"creator-contests","level":"info","message":"fetch contest stream success","service":"backend","timestamp":"2022-08-17T19:14:24.834Z"}
{"component":"creator-contests","level":"info","message":"fetch contest stream success","service":"backend","timestamp":"2022-08-17T19:14:31.594Z"}
{"component":"creator-contests","level":"info","message":"fetch contest stream success","service":"backend","timestamp":"2022-08-17T19:14:38.398Z"}
{"component":"creator-contests","level":"info","message":"fetch contest stream success","service":"backend","timestamp":"2022-08-17T19:15:05.282Z"}
{"component":"creator-contests","level":"info","message":"fetch contest stream success","service":"backend","timestamp":"2022-08-17T19:15:29.073Z"}
{"component":"creator-contests","level":"info","message":"fetch contest stream success","service":"backend","timestamp":"2022-08-17T19:15:32.365Z"}
{"component":"creator-contests","level":"info","message":"fetch contest stream success","service":"backend","timestamp":"2022-08-17T19:18:03.116Z"}
{"component":"creator-contests","level":"info","message":"fetch contest stream success","service":"backend","timestamp":"2022-08-17T19:19:20.965Z"}
{"component":"creator-contests","level":"info","message":"fetch contest stream success","service":"backend","timestamp":"2022-08-17T19:23:16.142Z"}
{"component":"creator-contests","level":"info","message":"fetch contest stream success","service":"backend","timestamp":"2022-08-17T19:31:56.899Z"}
{"component":"creator-contests","level":"info","message":"fetch contest stream success","service":"backend","timestamp":"2022-08-17T19:32:25.662Z"}
{"component":"creator-contests","level":"info","message":"fetch contest stream success","service":"backend","timestamp":"2022-08-17T19:34:27.253Z"}
{"component":"creator-contests","level":"info","message":"fetch contest stream success","service":"backend","timestamp":"2022-08-17T19:34:36.110Z"}
{"component":"creator-contests","level":"info","message":"fetch contest stream success","service":"backend","timestamp":"2022-08-17T19:36:30.411Z"}
{"component":"creator-contests","level":"info","message":"fetch contest stream success","service":"backend","timestamp":"2022-08-17T19:45:25.252Z"}
{"component":"creator-contests","level":"info","message":"fetch contest stream success","service":"backend","timestamp":"2022-08-17T20:00:43.229Z"}
{"component":"creator-contests","level":"info","message":"fetch contest stream success","service":"backend","timestamp":"2022-08-17T20:13:27.700Z"}
{"component":"creator-contests","level":"info","message":"fetch contest stream success","service":"backend","timestamp":"2022-08-17T20:13:28.577Z"}
{"component":"creator-contests","level":"info","message":"fetch contest stream success","service":"backend","timestamp":"2022-08-17T20:13:30.498Z"}
{"component":"creator-contests","level":"info","message":"fetch contest stream success","service":"backend","timestamp":"2022-08-17T20:13:42.058Z"}
{"component":"creator-contests","level":"info","message":"fetch contest stream success","service":"backend","timestamp":"2022-08-17T20:32:14.652Z"}
{"component":"creator-contests","level":"info","message":"fetch contest stream success","service":"backend","timestamp":"2022-08-17T20:33:59.973Z"}
{"component":"creator-contests","level":"info","message":"fetch contest stream success","service":"backend","timestamp":"2022-08-17T20:35:38.263Z"}
{"component":"creator-contests","level":"info","message":"fetch contest stream success","service":"backend","timestamp":"2022-08-17T20:35:51.390Z"}
{"component":"creator-contests","level":"info","message":"fetch contest stream success","service":"backend","timestamp":"2022-08-17T20:36:30.328Z"}
{"component":"creator-contests","level":"info","message":"fetch contest stream success","service":"backend","timestamp":"2022-08-17T20:37:09.435Z"}
{"component":"creator-contests","level":"info","message":"fetch contest stream success","service":"backend","timestamp":"2022-08-17T20:52:52.612Z"}
{"component":"creator-contests","level":"info","message":"fetch contest stream success","service":"backend","timestamp":"2022-08-17T20:52:57.131Z"}
{"component":"creator-contests","level":"info","message":"fetch contest stream success","service":"backend","timestamp":"2022-08-17T20:54:20.826Z"}
{"component":"creator-contests","level":"info","message":"fetch contest stream success","service":"backend","timestamp":"2022-08-17T20:58:02.123Z"}
{"component":"creator-contests","level":"info","message":"fetch contest stream success","service":"backend","timestamp":"2022-08-17T20:59:27.028Z"}
{"component":"creator-contests","level":"info","message":"fetch contest stream success","service":"backend","timestamp":"2022-08-17T21:02:22.995Z"}
{"component":"creator-contests","level":"info","message":"fetch contest stream success","service":"backend","timestamp":"2022-08-17T21:02:45.077Z"}
{"component":"creator-contests","level":"info","message":"fetch contest stream success","service":"backend","timestamp":"2022-08-17T21:02:51.754Z"}
{"component":"creator-contests","level":"info","message":"fetch contest stream success","service":"backend","timestamp":"2022-08-17T21:03:03.932Z"}
{"component":"creator-contests","level":"info","message":"fetch contest stream success","service":"backend","timestamp":"2022-08-17T21:03:22.216Z"}
{"component":"creator-contests","level":"info","message":"fetch contest stream success","service":"backend","timestamp":"2022-08-17T21:04:35.570Z"}
{"component":"creator-contests","level":"info","message":"fetch contest stream success","service":"backend","timestamp":"2022-08-17T21:04:56.131Z"}
{"component":"creator-contests","level":"info","message":"fetch contest stream success","service":"backend","timestamp":"2022-08-17T21:05:31.532Z"}
{"component":"creator-contests","level":"info","message":"fetch contest stream success","service":"backend","timestamp":"2022-08-17T21:05:43.709Z"}
{"component":"creator-contests","level":"info","message":"fetch contest stream success","service":"backend","timestamp":"2022-08-17T21:10:25.013Z"}
{"component":"creator-contests","level":"info","message":"fetch contest stream success","service":"backend","timestamp":"2022-08-17T21:10:55.070Z"}
{"component":"creator-contests","level":"info","message":"fetch contest stream success","service":"backend","timestamp":"2022-08-17T21:11:04.857Z"}
{"component":"creator-contests","level":"info","message":"fetch contest stream success","service":"backend","timestamp":"2022-08-17T21:11:32.909Z"}
{"component":"creator-contests","level":"info","message":"fetch contest stream success","service":"backend","timestamp":"2022-08-17T21:11:49.367Z"}
{"component":"creator-contests","level":"info","message":"fetch contest stream success","service":"backend","timestamp":"2022-08-17T21:12:04.627Z"}
{"component":"creator-contests","level":"info","message":"fetch contest stream success","service":"backend","timestamp":"2022-08-17T21:12:15.603Z"}
{"component":"creator-contests","level":"info","message":"fetch contest stream success","service":"backend","timestamp":"2022-08-17T21:12:26.935Z"}
{"component":"creator-contests","level":"info","message":"fetch contest stream success","service":"backend","timestamp":"2022-08-17T21:16:47.065Z"}
{"component":"creator-contests","level":"info","message":"fetch contest stream success","service":"backend","timestamp":"2022-08-17T21:17:02.210Z"}
{"component":"creator-contests","level":"info","message":"fetch contest stream success","service":"backend","timestamp":"2022-08-17T21:17:17.042Z"}
{"component":"creator-contests","level":"info","message":"fetch contest stream success","service":"backend","timestamp":"2022-08-17T21:17:34.285Z"}
{"component":"creator-contests","level":"info","message":"fetch contest stream success","service":"backend","timestamp":"2022-08-17T21:17:53.220Z"}
{"component":"creator-contests","level":"info","message":"fetch contest stream success","service":"backend","timestamp":"2022-08-17T21:18:01.867Z"}
{"component":"creator-contests","level":"info","message":"fetch contest stream success","service":"backend","timestamp":"2022-08-17T21:18:20.084Z"}
{"component":"creator-contests","level":"info","message":"fetch contest stream success","service":"backend","timestamp":"2022-08-17T21:18:50.752Z"}
{"component":"creator-contests","level":"info","message":"fetch contest stream success","service":"backend","timestamp":"2022-08-17T21:19:05.464Z"}
{"component":"creator-contests","level":"info","message":"fetch contest stream success","service":"backend","timestamp":"2022-08-17T21:19:11.496Z"}
{"component":"creator-contests","level":"info","message":"fetch contest stream success","service":"backend","timestamp":"2022-08-17T21:19:24.357Z"}
{"component":"creator-contests","level":"info","message":"fetch contest stream success","service":"backend","timestamp":"2022-08-17T21:19:45.155Z"}
{"component":"creator-contests","level":"info","message":"fetch contest stream success","service":"backend","timestamp":"2022-08-17T21:19:46.207Z"}
{"component":"creator-contests","level":"info","message":"fetch contest stream success","service":"backend","timestamp":"2022-08-17T21:22:02.453Z"}
{"component":"creator-contests","level":"info","message":"fetch contest stream success","service":"backend","timestamp":"2022-08-17T21:22:21.402Z"}
{"component":"creator-contests","level":"info","message":"fetch contest stream success","service":"backend","timestamp":"2022-08-17T21:23:13.642Z"}
{"component":"creator-contests","level":"info","message":"fetch contest stream success","service":"backend","timestamp":"2022-08-17T21:23:22.420Z"}
{"component":"creator-contests","level":"info","message":"fetch contest stream success","service":"backend","timestamp":"2022-08-17T21:23:29.398Z"}
{"component":"creator-contests","level":"info","message":"fetch contest stream success","service":"backend","timestamp":"2022-08-17T21:24:41.913Z"}
{"component":"creator-contests","level":"info","message":"fetch contest stream success","service":"backend","timestamp":"2022-08-17T21:24:51.705Z"}
{"component":"creator-contests","level":"info","message":"fetch contest stream success","service":"backend","timestamp":"2022-08-17T21:25:34.528Z"}
{"component":"creator-contests","level":"info","message":"fetch contest stream success","service":"backend","timestamp":"2022-08-17T21:25:40.154Z"}
{"component":"creator-contests","level":"info","message":"fetch contest stream success","service":"backend","timestamp":"2022-08-17T21:25:50.271Z"}
{"component":"creator-contests","level":"info","message":"fetch contest stream success","service":"backend","timestamp":"2022-08-17T21:26:03.190Z"}
{"component":"creator-contests","level":"info","message":"fetch contest stream success","service":"backend","timestamp":"2022-08-17T21:26:26.772Z"}
{"component":"creator-contests","level":"info","message":"fetch contest stream success","service":"backend","timestamp":"2022-08-17T21:26:48.033Z"}
{"component":"creator-contests","level":"info","message":"fetch contest stream success","service":"backend","timestamp":"2022-08-17T21:29:02.332Z"}
{"component":"creator-contests","level":"info","message":"fetch contest stream success","service":"backend","timestamp":"2022-08-17T21:30:49.779Z"}
{"component":"creator-contests","level":"info","message":"fetch contest stream success","service":"backend","timestamp":"2022-08-17T21:31:52.127Z"}
{"component":"creator-contests","level":"info","message":"fetch contest stream success","service":"backend","timestamp":"2022-08-17T21:32:20.502Z"}
{"component":"creator-contests","level":"info","message":"fetch contest stream success","service":"backend","timestamp":"2022-08-17T21:34:54.892Z"}
{"component":"creator-contests","level":"info","message":"fetch contest stream success","service":"backend","timestamp":"2022-08-17T21:40:08.977Z"}
{"component":"creator-contests","level":"info","message":"fetch contest stream success","service":"backend","timestamp":"2022-08-17T21:41:33.098Z"}
{"component":"creator-contests","level":"info","message":"fetch contest stream success","service":"backend","timestamp":"2022-08-17T21:49:28.282Z"}
{"component":"creator-contests","level":"info","message":"fetch contest stream success","service":"backend","timestamp":"2022-08-17T21:55:05.982Z"}
{"component":"creator-contests","level":"info","message":"fetch contest stream success","service":"backend","timestamp":"2022-08-17T21:57:16.456Z"}
{"component":"creator-contests","level":"info","message":"fetch contest stream success","service":"backend","timestamp":"2022-08-17T21:57:41.674Z"}
{"component":"creator-contests","level":"info","message":"fetch contest stream success","service":"backend","timestamp":"2022-08-17T21:59:04.257Z"}
{"component":"creator-contests","level":"info","message":"fetch contest stream success","service":"backend","timestamp":"2022-08-17T22:03:09.510Z"}
{"component":"creator-contests","level":"info","message":"fetch contest stream success","service":"backend","timestamp":"2022-08-17T22:04:04.078Z"}
{"component":"creator-contests","level":"info","message":"fetch contest stream success","service":"backend","timestamp":"2022-08-17T22:46:03.465Z"}
{"component":"creator-contests","level":"info","message":"fetch contest stream success","service":"backend","timestamp":"2022-08-17T22:46:44.447Z"}
{"component":"creator-contests","level":"info","message":"fetch contest stream success","service":"backend","timestamp":"2022-08-17T22:46:51.885Z"}
{"component":"creator-contests","level":"info","message":"fetch contest stream success","service":"backend","timestamp":"2022-08-17T22:50:40.440Z"}
{"component":"creator-contests","level":"info","message":"fetch contest stream success","service":"backend","timestamp":"2022-08-17T22:50:50.160Z"}
{"component":"creator-contests","level":"info","message":"fetch contest stream success","service":"backend","timestamp":"2022-08-17T22:51:09.968Z"}
{"component":"creator-contests","level":"info","message":"fetch contest stream success","service":"backend","timestamp":"2022-08-17T22:51:16.089Z"}
{"component":"creator-contests","level":"info","message":"fetch contest stream success","service":"backend","timestamp":"2022-08-17T22:51:38.745Z"}
{"component":"creator-contests","level":"info","message":"fetch contest stream success","service":"backend","timestamp":"2022-08-17T22:52:37.248Z"}
{"component":"creator-contests","level":"info","message":"fetch contest stream success","service":"backend","timestamp":"2022-08-17T22:52:51.266Z"}
{"component":"creator-contests","level":"info","message":"fetch contest stream success","service":"backend","timestamp":"2022-08-17T22:56:35.741Z"}
{"component":"creator-contests","level":"info","message":"fetch contest stream success","service":"backend","timestamp":"2022-08-17T22:57:53.641Z"}
{"component":"creator-contests","level":"info","message":"fetch contest stream success","service":"backend","timestamp":"2022-08-17T22:58:19.744Z"}
{"component":"creator-contests","level":"info","message":"fetch contest stream success","service":"backend","timestamp":"2022-08-17T22:59:45.889Z"}
{"component":"creator-contests","level":"info","message":"fetch contest stream success","service":"backend","timestamp":"2022-08-17T23:00:28.790Z"}
{"component":"creator-contests","level":"info","message":"fetch contest stream success","service":"backend","timestamp":"2022-08-17T23:00:33.408Z"}
{"component":"creator-contests","level":"info","message":"fetch contest stream success","service":"backend","timestamp":"2022-08-17T23:01:17.168Z"}
{"component":"creator-contests","level":"info","message":"fetch contest stream success","service":"backend","timestamp":"2022-08-17T23:01:26.879Z"}
{"component":"creator-contests","level":"info","message":"fetch contest stream success","service":"backend","timestamp":"2022-08-17T23:01:39.054Z"}
{"component":"creator-contests","level":"info","message":"fetch contest stream success","service":"backend","timestamp":"2022-08-17T23:01:49.065Z"}
{"component":"creator-contests","level":"info","message":"fetch contest stream success","service":"backend","timestamp":"2022-08-17T23:02:00.948Z"}
{"component":"creator-contests","level":"info","message":"fetch contest stream success","service":"backend","timestamp":"2022-08-17T23:02:07.226Z"}
{"component":"creator-contests","level":"info","message":"fetch contest stream success","service":"backend","timestamp":"2022-08-17T23:04:07.299Z"}
{"component":"creator-contests","level":"info","message":"fetch contest stream success","service":"backend","timestamp":"2022-08-17T23:04:39.434Z"}
{"component":"creator-contests","level":"info","message":"fetch contest stream success","service":"backend","timestamp":"2022-08-17T23:04:52.147Z"}
{"component":"creator-contests","level":"info","message":"fetch contest stream success","service":"backend","timestamp":"2022-08-17T23:05:03.201Z"}
{"component":"creator-contests","level":"info","message":"fetch contest stream success","service":"backend","timestamp":"2022-08-17T23:05:23.933Z"}
{"component":"creator-contests","level":"info","message":"fetch contest stream success","service":"backend","timestamp":"2022-08-17T23:06:53.091Z"}
{"component":"creator-contests","level":"info","message":"fetch contest stream success","service":"backend","timestamp":"2022-08-17T23:07:28.825Z"}
{"component":"creator-contests","level":"info","message":"fetch contest stream success","service":"backend","timestamp":"2022-08-17T23:13:22.453Z"}
{"component":"creator-contests","level":"info","message":"fetch contest stream success","service":"backend","timestamp":"2022-08-17T23:13:32.012Z"}
{"component":"creator-contests","level":"info","message":"fetch contest stream success","service":"backend","timestamp":"2022-08-17T23:13:47.998Z"}
{"component":"creator-contests","level":"info","message":"fetch contest stream success","service":"backend","timestamp":"2022-08-17T23:13:55.002Z"}
{"component":"creator-contests","level":"info","message":"fetch contest stream success","service":"backend","timestamp":"2022-08-17T23:14:09.010Z"}
{"component":"creator-contests","level":"info","message":"fetch contest stream success","service":"backend","timestamp":"2022-08-17T23:14:24.676Z"}
{"component":"creator-contests","level":"info","message":"fetch contest stream success","service":"backend","timestamp":"2022-08-17T23:15:00.349Z"}
{"component":"creator-contests","level":"info","message":"fetch contest stream success","service":"backend","timestamp":"2022-08-17T23:15:16.423Z"}
{"component":"creator-contests","level":"info","message":"fetch contest stream success","service":"backend","timestamp":"2022-08-17T23:15:56.876Z"}
{"component":"creator-contests","level":"info","message":"fetch contest stream success","service":"backend","timestamp":"2022-08-17T23:16:02.994Z"}
{"component":"creator-contests","level":"info","message":"fetch contest stream success","service":"backend","timestamp":"2022-08-17T23:16:15.331Z"}
{"component":"creator-contests","level":"info","message":"fetch contest stream success","service":"backend","timestamp":"2022-08-17T23:18:11.430Z"}
{"component":"creator-contests","level":"info","message":"fetch contest stream success","service":"backend","timestamp":"2022-08-17T23:18:20.533Z"}
{"component":"creator-contests","level":"info","message":"fetch contest stream success","service":"backend","timestamp":"2022-08-17T23:18:45.450Z"}
{"component":"creator-contests","level":"info","message":"fetch contest stream success","service":"backend","timestamp":"2022-08-17T23:19:59.092Z"}
{"component":"creator-contests","level":"info","message":"fetch contest stream success","service":"backend","timestamp":"2022-08-17T23:20:03.293Z"}
{"component":"creator-contests","level":"info","message":"fetch contest stream success","service":"backend","timestamp":"2022-08-17T23:33:13.979Z"}
{"component":"creator-contests","level":"info","message":"fetch contest stream success","service":"backend","timestamp":"2022-08-17T23:34:55.355Z"}
{"component":"creator-contests","level":"info","message":"fetch contest stream success","service":"backend","timestamp":"2022-08-17T23:36:58.490Z"}
{"component":"creator-contests","level":"info","message":"fetch contest stream success","service":"backend","timestamp":"2022-08-17T23:37:21.804Z"}
{"component":"creator-contests","level":"info","message":"fetch contest stream success","service":"backend","timestamp":"2022-08-17T23:37:56.528Z"}
{"component":"creator-contests","level":"info","message":"fetch contest stream success","service":"backend","timestamp":"2022-08-17T23:38:14.927Z"}
{"component":"creator-contests","level":"info","message":"fetch contest stream success","service":"backend","timestamp":"2022-08-17T23:38:27.086Z"}
{"component":"creator-contests","level":"info","message":"fetch contest stream success","service":"backend","timestamp":"2022-08-17T23:38:55.033Z"}
{"component":"creator-contests","level":"info","message":"fetch contest stream success","service":"backend","timestamp":"2022-08-17T23:39:26.477Z"}
{"component":"creator-contests","level":"info","message":"fetch contest stream success","service":"backend","timestamp":"2022-08-17T23:45:26.693Z"}
{"component":"creator-contests","level":"info","message":"fetch contest stream success","service":"backend","timestamp":"2022-08-17T23:47:28.868Z"}
{"component":"creator-contests","level":"info","message":"fetch contest stream success","service":"backend","timestamp":"2022-08-17T23:47:39.369Z"}
{"component":"creator-contests","level":"info","message":"fetch contest stream success","service":"backend","timestamp":"2022-08-17T23:50:28.840Z"}
{"component":"creator-contests","level":"info","message":"fetch contest stream success","service":"backend","timestamp":"2022-08-17T23:50:58.378Z"}
{"component":"creator-contests","level":"info","message":"fetch contest stream success","service":"backend","timestamp":"2022-08-17T23:51:06.984Z"}
{"component":"creator-contests","level":"info","message":"fetch contest stream success","service":"backend","timestamp":"2022-08-17T23:51:43.580Z"}
{"component":"creator-contests","level":"info","message":"fetch contest stream success","service":"backend","timestamp":"2022-08-17T23:52:37.710Z"}
{"component":"creator-contests","level":"info","message":"fetch contest stream success","service":"backend","timestamp":"2022-08-17T23:53:13.399Z"}
{"component":"creator-contests","level":"info","message":"fetch contest stream success","service":"backend","timestamp":"2022-08-17T23:53:20.620Z"}
{"component":"creator-contests","level":"info","message":"fetch contest stream success","service":"backend","timestamp":"2022-08-17T23:53:44.809Z"}
{"component":"creator-contests","level":"info","message":"fetch contest stream success","service":"backend","timestamp":"2022-08-17T23:53:53.723Z"}
{"component":"creator-contests","level":"info","message":"fetch contest stream success","service":"backend","timestamp":"2022-08-17T23:54:08.413Z"}
{"component":"creator-contests","level":"info","message":"fetch contest stream success","service":"backend","timestamp":"2022-08-17T23:54:35.693Z"}
{"component":"creator-contests","level":"info","message":"fetch contest stream success","service":"backend","timestamp":"2022-08-17T23:54:42.385Z"}
{"component":"creator-contests","level":"info","message":"fetch contest stream success","service":"backend","timestamp":"2022-08-17T23:55:03.466Z"}
{"component":"creator-contests","level":"info","message":"fetch contest stream success","service":"backend","timestamp":"2022-08-17T23:55:15.518Z"}
{"component":"creator-contests","level":"info","message":"fetch contest stream success","service":"backend","timestamp":"2022-08-17T23:55:27.634Z"}
{"component":"creator-contests","level":"info","message":"fetch contest stream success","service":"backend","timestamp":"2022-08-17T23:55:45.444Z"}
{"component":"creator-contests","level":"info","message":"fetch contest stream success","service":"backend","timestamp":"2022-08-17T23:55:56.605Z"}
{"component":"creator-contests","level":"info","message":"fetch contest stream success","service":"backend","timestamp":"2022-08-17T23:56:07.821Z"}
{"component":"creator-contests","level":"info","message":"fetch contest stream success","service":"backend","timestamp":"2022-08-17T23:56:28.355Z"}
{"component":"creator-contests","level":"info","message":"fetch contest stream success","service":"backend","timestamp":"2022-08-17T23:56:43.000Z"}
{"component":"creator-contests","level":"info","message":"fetch contest stream success","service":"backend","timestamp":"2022-08-17T23:56:50.591Z"}
{"component":"creator-contests","level":"info","message":"fetch contest stream success","service":"backend","timestamp":"2022-08-17T23:57:10.667Z"}
{"component":"creator-contests","level":"info","message":"fetch contest stream success","service":"backend","timestamp":"2022-08-17T23:57:46.754Z"}
{"component":"creator-contests","level":"info","message":"fetch contest stream success","service":"backend","timestamp":"2022-08-17T23:57:56.259Z"}
{"component":"creator-contests","level":"info","message":"fetch contest stream success","service":"backend","timestamp":"2022-08-17T23:58:09.493Z"}
{"component":"creator-contests","level":"info","message":"fetch contest stream success","service":"backend","timestamp":"2022-08-17T23:58:35.310Z"}
{"component":"creator-contests","level":"info","message":"fetch contest stream success","service":"backend","timestamp":"2022-08-17T23:59:41.344Z"}
{"component":"creator-contests","level":"info","message":"fetch contest stream success","service":"backend","timestamp":"2022-08-18T00:00:19.314Z"}
{"component":"creator-contests","level":"info","message":"fetch contest stream success","service":"backend","timestamp":"2022-08-18T00:00:34.257Z"}
{"component":"creator-contests","level":"info","message":"fetch contest stream success","service":"backend","timestamp":"2022-08-18T00:01:01.724Z"}
{"component":"creator-contests","level":"info","message":"fetch contest stream success","service":"backend","timestamp":"2022-08-18T00:01:08.993Z"}
{"component":"creator-contests","level":"info","message":"fetch contest stream success","service":"backend","timestamp":"2022-08-18T00:03:15.136Z"}
{"component":"creator-contests","level":"info","message":"fetch contest stream success","service":"backend","timestamp":"2022-08-18T00:06:41.928Z"}
{"component":"creator-contests","level":"info","message":"fetch contest stream success","service":"backend","timestamp":"2022-08-18T00:06:56.637Z"}
{"component":"creator-contests","level":"info","message":"fetch contest stream success","service":"backend","timestamp":"2022-08-18T00:07:00.061Z"}
{"component":"creator-contests","level":"info","message":"fetch contest stream success","service":"backend","timestamp":"2022-08-18T00:07:11.298Z"}
{"component":"creator-contests","level":"info","message":"fetch contest stream success","service":"backend","timestamp":"2022-08-18T00:07:39.492Z"}
{"component":"creator-contests","level":"info","message":"fetch contest stream success","service":"backend","timestamp":"2022-08-18T00:09:21.315Z"}
{"component":"creator-contests","level":"info","message":"fetch contest stream success","service":"backend","timestamp":"2022-08-18T00:09:26.729Z"}
{"component":"creator-contests","level":"info","message":"fetch contest stream success","service":"backend","timestamp":"2022-08-18T00:09:39.578Z"}
{"component":"creator-contests","level":"info","message":"fetch contest stream success","service":"backend","timestamp":"2022-08-18T01:15:59.820Z"}
{"component":"creator-contests","level":"info","message":"fetch contest stream success","service":"backend","timestamp":"2022-08-18T01:16:31.163Z"}
{"component":"creator-contests","level":"info","message":"fetch contest stream success","service":"backend","timestamp":"2022-08-18T01:17:18.501Z"}
{"component":"creator-contests","level":"info","message":"fetch contest stream success","service":"backend","timestamp":"2022-08-18T01:18:27.081Z"}
{"component":"creator-contests","level":"info","message":"fetch contest stream success","service":"backend","timestamp":"2022-08-18T01:18:55.464Z"}
{"component":"creator-contests","level":"info","message":"fetch contest stream success","service":"backend","timestamp":"2022-08-18T01:19:00.623Z"}
{"component":"creator-contests","level":"info","message":"fetch contest stream success","service":"backend","timestamp":"2022-08-18T01:19:27.918Z"}
{"component":"creator-contests","level":"info","message":"fetch contest stream success","service":"backend","timestamp":"2022-08-18T01:19:40.823Z"}
{"component":"creator-contests","level":"info","message":"fetch contest stream success","service":"backend","timestamp":"2022-08-18T01:20:38.173Z"}
{"component":"creator-contests","level":"info","message":"fetch contest stream success","service":"backend","timestamp":"2022-08-18T01:23:22.554Z"}
{"component":"creator-contests","level":"info","message":"fetch contest stream success","service":"backend","timestamp":"2022-08-18T01:24:08.747Z"}
{"component":"creator-contests","level":"info","message":"fetch contest stream success","service":"backend","timestamp":"2022-08-18T01:24:26.327Z"}
{"component":"creator-contests","level":"info","message":"fetch contest stream success","service":"backend","timestamp":"2022-08-18T01:25:23.514Z"}
{"component":"creator-contests","level":"info","message":"fetch contest stream success","service":"backend","timestamp":"2022-08-18T01:25:38.553Z"}
{"component":"creator-contests","level":"info","message":"fetch contest stream success","service":"backend","timestamp":"2022-08-18T01:25:52.660Z"}
{"component":"creator-contests","level":"info","message":"fetch contest stream success","service":"backend","timestamp":"2022-08-18T01:26:04.844Z"}
{"component":"creator-contests","level":"info","message":"fetch contest stream success","service":"backend","timestamp":"2022-08-18T01:26:30.646Z"}
{"component":"creator-contests","level":"info","message":"fetch contest stream success","service":"backend","timestamp":"2022-08-18T01:27:08.354Z"}
{"component":"creator-contests","level":"info","message":"fetch contest stream success","service":"backend","timestamp":"2022-08-18T01:27:24.333Z"}
{"component":"creator-contests","level":"info","message":"fetch contest stream success","service":"backend","timestamp":"2022-08-18T01:27:58.603Z"}
{"component":"creator-contests","level":"info","message":"fetch contest stream success","service":"backend","timestamp":"2022-08-18T01:28:13.288Z"}
{"component":"creator-contests","level":"info","message":"fetch contest stream success","service":"backend","timestamp":"2022-08-18T01:29:09.340Z"}
{"component":"creator-contests","level":"info","message":"fetch contest stream success","service":"backend","timestamp":"2022-08-18T01:29:30.246Z"}
{"component":"creator-contests","level":"info","message":"fetch contest stream success","service":"backend","timestamp":"2022-08-18T01:30:59.103Z"}
{"component":"creator-contests","level":"info","message":"fetch contest stream success","service":"backend","timestamp":"2022-08-18T01:31:45.944Z"}
{"component":"creator-contests","level":"info","message":"fetch contest stream success","service":"backend","timestamp":"2022-08-18T01:32:00.209Z"}
{"component":"creator-contests","level":"info","message":"fetch contest stream success","service":"backend","timestamp":"2022-08-18T01:32:47.169Z"}
{"component":"creator-contests","level":"info","message":"fetch contest stream success","service":"backend","timestamp":"2022-08-18T01:32:59.547Z"}
{"component":"creator-contests","level":"info","message":"fetch contest stream success","service":"backend","timestamp":"2022-08-18T01:33:12.407Z"}
{"component":"creator-contests","level":"info","message":"fetch contest stream success","service":"backend","timestamp":"2022-08-18T01:33:32.261Z"}
{"component":"creator-contests","level":"info","message":"fetch contest stream success","service":"backend","timestamp":"2022-08-18T01:34:00.796Z"}
{"component":"creator-contests","level":"info","message":"fetch contest stream success","service":"backend","timestamp":"2022-08-18T01:34:43.841Z"}
{"component":"creator-contests","level":"info","message":"fetch contest stream success","service":"backend","timestamp":"2022-08-18T01:34:52.559Z"}
{"component":"creator-contests","level":"info","message":"fetch contest stream success","service":"backend","timestamp":"2022-08-18T01:35:39.468Z"}
{"component":"creator-contests","level":"info","message":"fetch contest stream success","service":"backend","timestamp":"2022-08-18T01:39:45.249Z"}
{"component":"creator-contests","level":"info","message":"fetch contest stream success","service":"backend","timestamp":"2022-08-18T01:40:46.845Z"}
{"component":"creator-contests","level":"info","message":"fetch contest stream success","service":"backend","timestamp":"2022-08-18T01:41:03.962Z"}
{"component":"creator-contests","level":"info","message":"fetch contest stream success","service":"backend","timestamp":"2022-08-18T01:41:16.649Z"}
{"component":"creator-contests","level":"info","message":"fetch contest stream success","service":"backend","timestamp":"2022-08-18T01:44:03.691Z"}
{"component":"creator-contests","level":"info","message":"fetch contest stream success","service":"backend","timestamp":"2022-08-18T01:44:14.261Z"}
{"component":"creator-contests","level":"info","message":"fetch contest stream success","service":"backend","timestamp":"2022-08-18T01:44:27.728Z"}
{"component":"creator-contests","level":"info","message":"fetch contest stream success","service":"backend","timestamp":"2022-08-18T01:46:18.331Z"}
{"component":"creator-contests","level":"info","message":"fetch contest stream success","service":"backend","timestamp":"2022-08-18T01:46:36.641Z"}
{"component":"creator-contests","level":"info","message":"fetch contest stream success","service":"backend","timestamp":"2022-08-18T01:47:19.633Z"}
{"component":"creator-contests","level":"info","message":"fetch contest stream success","service":"backend","timestamp":"2022-08-18T01:47:26.444Z"}
{"component":"creator-contests","level":"info","message":"fetch contest stream success","service":"backend","timestamp":"2022-08-18T01:49:11.944Z"}
{"component":"creator-contests","level":"info","message":"fetch contest stream success","service":"backend","timestamp":"2022-08-18T01:49:18.529Z"}
{"component":"creator-contests","level":"info","message":"fetch contest stream success","service":"backend","timestamp":"2022-08-18T01:49:30.585Z"}
{"component":"creator-contests","level":"info","message":"fetch contest stream success","service":"backend","timestamp":"2022-08-18T01:50:11.830Z"}
{"component":"creator-contests","level":"info","message":"fetch contest stream success","service":"backend","timestamp":"2022-08-18T02:07:29.536Z"}
{"component":"creator-contests","level":"info","message":"fetch contest stream success","service":"backend","timestamp":"2022-08-18T02:07:38.936Z"}
{"component":"creator-contests","level":"info","message":"fetch contest stream success","service":"backend","timestamp":"2022-08-18T02:07:53.478Z"}
{"component":"creator-contests","level":"info","message":"fetch contest stream success","service":"backend","timestamp":"2022-08-18T02:08:34.406Z"}
{"component":"creator-contests","level":"info","message":"fetch contest stream success","service":"backend","timestamp":"2022-08-18T02:08:41.124Z"}
{"component":"creator-contests","level":"info","message":"fetch contest stream success","service":"backend","timestamp":"2022-08-18T02:08:56.965Z"}
{"component":"creator-contests","level":"info","message":"fetch contest stream success","service":"backend","timestamp":"2022-08-18T02:17:30.242Z"}
{"component":"creator-contests","level":"info","message":"fetch contest stream success","service":"backend","timestamp":"2022-08-18T02:17:46.471Z"}
{"component":"creator-contests","level":"info","message":"fetch contest stream success","service":"backend","timestamp":"2022-08-18T02:18:04.870Z"}
{"component":"creator-contests","level":"info","message":"fetch contest stream success","service":"backend","timestamp":"2022-08-18T02:18:11.165Z"}
{"component":"creator-contests","level":"info","message":"fetch contest stream success","service":"backend","timestamp":"2022-08-18T02:18:30.462Z"}
{"component":"creator-contests","level":"info","message":"fetch contest stream success","service":"backend","timestamp":"2022-08-18T02:18:37.227Z"}
{"component":"creator-contests","level":"info","message":"fetch contest stream success","service":"backend","timestamp":"2022-08-18T02:19:34.476Z"}
{"component":"creator-contests","level":"info","message":"fetch contest stream success","service":"backend","timestamp":"2022-08-18T02:19:49.757Z"}
{"component":"creator-contests","level":"info","message":"fetch contest stream success","service":"backend","timestamp":"2022-08-18T02:20:30.027Z"}
{"component":"creator-contests","level":"info","message":"fetch contest stream success","service":"backend","timestamp":"2022-08-18T02:21:51.915Z"}
{"component":"creator-contests","level":"info","message":"fetch contest stream success","service":"backend","timestamp":"2022-08-18T02:22:10.854Z"}
{"component":"creator-contests","level":"info","message":"fetch contest stream success","service":"backend","timestamp":"2022-08-18T02:22:38.872Z"}
{"component":"creator-contests","level":"info","message":"fetch contest stream success","service":"backend","timestamp":"2022-08-18T02:23:25.386Z"}
{"component":"creator-contests","level":"info","message":"fetch contest stream success","service":"backend","timestamp":"2022-08-18T02:52:59.868Z"}
{"component":"creator-contests","level":"info","message":"fetch contest stream success","service":"backend","timestamp":"2022-08-18T02:53:11.933Z"}
{"component":"creator-contests","level":"info","message":"fetch contest stream success","service":"backend","timestamp":"2022-08-18T02:55:18.876Z"}
{"component":"creator-contests","level":"info","message":"fetch contest stream success","service":"backend","timestamp":"2022-08-18T02:56:33.503Z"}
{"component":"creator-contests","level":"info","message":"fetch contest stream success","service":"backend","timestamp":"2022-08-18T02:57:14.895Z"}
{"component":"creator-contests","level":"info","message":"fetch contest stream success","service":"backend","timestamp":"2022-08-18T02:57:47.048Z"}
{"component":"creator-contests","level":"info","message":"fetch contest stream success","service":"backend","timestamp":"2022-08-18T02:58:09.376Z"}
{"component":"creator-contests","level":"info","message":"fetch contest stream success","service":"backend","timestamp":"2022-08-18T02:59:55.104Z"}
{"component":"creator-contests","level":"info","message":"fetch contest stream success","service":"backend","timestamp":"2022-08-18T03:00:12.315Z"}
{"component":"creator-contests","level":"info","message":"fetch contest stream success","service":"backend","timestamp":"2022-08-18T03:00:56.671Z"}
{"component":"creator-contests","level":"info","message":"fetch contest stream success","service":"backend","timestamp":"2022-08-18T03:01:47.090Z"}
{"component":"creator-contests","level":"info","message":"fetch contest stream success","service":"backend","timestamp":"2022-08-18T03:02:31.546Z"}
{"component":"creator-contests","level":"info","message":"fetch contest stream success","service":"backend","timestamp":"2022-08-18T03:03:21.957Z"}
{"component":"creator-contests","level":"info","message":"fetch contest stream success","service":"backend","timestamp":"2022-08-18T03:05:05.452Z"}
{"component":"creator-contests","level":"info","message":"fetch contest stream success","service":"backend","timestamp":"2022-08-18T03:06:16.513Z"}
{"component":"creator-contests","level":"info","message":"fetch contest stream success","service":"backend","timestamp":"2022-08-18T03:06:25.571Z"}
{"component":"creator-contests","level":"info","message":"fetch contest stream success","service":"backend","timestamp":"2022-08-18T03:08:11.709Z"}
{"component":"creator-contests","level":"info","message":"fetch contest stream success","service":"backend","timestamp":"2022-08-18T03:10:02.064Z"}
{"component":"creator-contests","level":"info","message":"fetch contest stream success","service":"backend","timestamp":"2022-08-18T03:10:29.143Z"}
{"component":"creator-contests","level":"info","message":"fetch contest stream success","service":"backend","timestamp":"2022-08-18T03:10:35.322Z"}
{"component":"creator-contests","level":"info","message":"fetch contest stream success","service":"backend","timestamp":"2022-08-18T03:10:40.623Z"}
{"component":"creator-contests","level":"info","message":"fetch contest stream success","service":"backend","timestamp":"2022-08-18T03:11:45.474Z"}
{"component":"creator-contests","level":"info","message":"fetch contest stream success","service":"backend","timestamp":"2022-08-18T03:12:18.817Z"}
{"component":"creator-contests","level":"info","message":"fetch contest stream success","service":"backend","timestamp":"2022-08-18T12:57:37.970Z"}
{"component":"creator-contests","level":"info","message":"fetch contest stream success","service":"backend","timestamp":"2022-08-18T12:58:12.245Z"}
{"component":"creator-contests","level":"info","message":"fetch contest stream success","service":"backend","timestamp":"2022-08-18T13:06:02.300Z"}
{"component":"creator-contests","level":"info","message":"fetch contest stream success","service":"backend","timestamp":"2022-08-18T13:06:15.585Z"}
{"component":"creator-contests","level":"info","message":"fetch contest stream success","service":"backend","timestamp":"2022-08-18T13:07:35.142Z"}
{"component":"creator-contests","level":"info","message":"fetch contest stream success","service":"backend","timestamp":"2022-08-18T13:12:08.290Z"}
{"component":"creator-contests","level":"info","message":"fetch contest stream success","service":"backend","timestamp":"2022-08-18T13:13:21.520Z"}
{"component":"creator-contests","level":"info","message":"fetch contest stream success","service":"backend","timestamp":"2022-08-18T13:13:41.960Z"}
{"component":"creator-contests","level":"info","message":"fetch contest stream success","service":"backend","timestamp":"2022-08-18T13:14:19.361Z"}
{"component":"creator-contests","level":"info","message":"fetch contest stream success","service":"backend","timestamp":"2022-08-18T13:20:44.210Z"}
{"component":"creator-contests","level":"info","message":"fetch contest stream success","service":"backend","timestamp":"2022-08-18T13:20:52.388Z"}
{"component":"creator-contests","level":"info","message":"fetch contest stream success","service":"backend","timestamp":"2022-08-18T13:30:14.712Z"}
{"component":"creator-contests","level":"info","message":"fetch contest stream success","service":"backend","timestamp":"2022-08-18T13:30:50.491Z"}
{"component":"creator-contests","level":"info","message":"fetch contest stream success","service":"backend","timestamp":"2022-08-18T13:31:06.946Z"}
{"component":"creator-contests","level":"info","message":"fetch contest stream success","service":"backend","timestamp":"2022-08-18T13:31:15.961Z"}
{"component":"creator-contests","level":"info","message":"fetch contest stream success","service":"backend","timestamp":"2022-08-18T13:31:33.346Z"}
{"component":"creator-contests","level":"info","message":"fetch contest stream success","service":"backend","timestamp":"2022-08-18T13:31:48.715Z"}
{"component":"creator-contests","level":"info","message":"fetch contest stream success","service":"backend","timestamp":"2022-08-18T13:33:09.554Z"}
{"component":"creator-contests","level":"info","message":"fetch contest stream success","service":"backend","timestamp":"2022-08-18T13:34:11.576Z"}
{"component":"creator-contests","level":"info","message":"fetch contest stream success","service":"backend","timestamp":"2022-08-18T13:38:13.919Z"}
{"component":"creator-contests","level":"info","message":"fetch contest stream success","service":"backend","timestamp":"2022-08-18T13:39:46.276Z"}
{"component":"creator-contests","level":"info","message":"fetch contest stream success","service":"backend","timestamp":"2022-08-18T13:39:47.533Z"}
{"component":"creator-contests","level":"info","message":"fetch contest stream success","service":"backend","timestamp":"2022-08-18T13:39:54.075Z"}
{"component":"creator-contests","level":"info","message":"fetch contest stream success","service":"backend","timestamp":"2022-08-18T13:40:24.330Z"}
{"component":"creator-contests","level":"info","message":"fetch contest stream success","service":"backend","timestamp":"2022-08-18T13:40:56.315Z"}
{"component":"creator-contests","level":"info","message":"fetch contest stream success","service":"backend","timestamp":"2022-08-18T13:43:01.102Z"}
{"component":"creator-contests","level":"info","message":"fetch contest stream success","service":"backend","timestamp":"2022-08-18T13:43:10.083Z"}
{"component":"creator-contests","level":"info","message":"fetch contest stream success","service":"backend","timestamp":"2022-08-18T13:43:41.921Z"}
{"component":"creator-contests","level":"info","message":"fetch contest stream success","service":"backend","timestamp":"2022-08-18T13:47:08.806Z"}
{"component":"creator-contests","level":"info","message":"fetch contest stream success","service":"backend","timestamp":"2022-08-18T13:47:17.120Z"}
{"component":"creator-contests","level":"info","message":"fetch contest stream success","service":"backend","timestamp":"2022-08-18T13:47:57.503Z"}
{"component":"creator-contests","level":"info","message":"fetch contest stream success","service":"backend","timestamp":"2022-08-18T13:48:33.999Z"}
{"component":"creator-contests","level":"info","message":"fetch contest stream success","service":"backend","timestamp":"2022-08-18T13:48:59.078Z"}
{"component":"creator-contests","level":"info","message":"fetch contest stream success","service":"backend","timestamp":"2022-08-18T13:49:31.198Z"}
{"component":"creator-contests","level":"info","message":"fetch contest stream success","service":"backend","timestamp":"2022-08-18T13:49:42.350Z"}
{"component":"creator-contests","level":"info","message":"fetch contest stream success","service":"backend","timestamp":"2022-08-18T13:50:51.312Z"}
{"component":"creator-contests","level":"info","message":"fetch contest stream success","service":"backend","timestamp":"2022-08-18T13:51:09.154Z"}
{"component":"creator-contests","level":"info","message":"fetch contest stream success","service":"backend","timestamp":"2022-08-18T13:51:45.445Z"}
{"component":"creator-contests","level":"info","message":"fetch contest stream success","service":"backend","timestamp":"2022-08-18T13:52:05.818Z"}
{"component":"creator-contests","level":"info","message":"fetch contest stream success","service":"backend","timestamp":"2022-08-18T13:55:45.661Z"}
{"component":"creator-contests","level":"info","message":"fetch contest stream success","service":"backend","timestamp":"2022-08-18T13:55:54.049Z"}
{"component":"creator-contests","level":"info","message":"fetch contest stream success","service":"backend","timestamp":"2022-08-18T13:56:00.627Z"}
{"component":"creator-contests","level":"info","message":"fetch contest stream success","service":"backend","timestamp":"2022-08-18T13:56:22.506Z"}
{"component":"creator-contests","level":"info","message":"fetch contest stream success","service":"backend","timestamp":"2022-08-18T13:58:05.518Z"}
{"component":"creator-contests","level":"info","message":"fetch contest stream success","service":"backend","timestamp":"2022-08-18T13:58:09.521Z"}
{"component":"creator-contests","level":"info","message":"fetch contest stream success","service":"backend","timestamp":"2022-08-18T13:59:14.248Z"}
{"component":"creator-contests","level":"info","message":"fetch contest stream success","service":"backend","timestamp":"2022-08-18T13:59:29.608Z"}
{"component":"creator-contests","level":"info","message":"fetch contest stream success","service":"backend","timestamp":"2022-08-18T13:59:37.553Z"}
{"component":"creator-contests","level":"info","message":"fetch contest stream success","service":"backend","timestamp":"2022-08-18T13:59:47.319Z"}
{"component":"creator-contests","level":"info","message":"fetch contest stream success","service":"backend","timestamp":"2022-08-18T13:59:53.351Z"}
{"component":"creator-contests","level":"info","message":"fetch contest stream success","service":"backend","timestamp":"2022-08-18T14:00:16.756Z"}
{"component":"creator-contests","level":"info","message":"fetch contest stream success","service":"backend","timestamp":"2022-08-18T14:00:23.601Z"}
{"component":"creator-contests","level":"info","message":"fetch contest stream success","service":"backend","timestamp":"2022-08-18T14:00:48.340Z"}
{"component":"creator-contests","level":"info","message":"fetch contest stream success","service":"backend","timestamp":"2022-08-18T14:00:59.987Z"}
{"component":"creator-contests","level":"info","message":"fetch contest stream success","service":"backend","timestamp":"2022-08-18T14:01:08.850Z"}
{"component":"creator-contests","level":"info","message":"fetch contest stream success","service":"backend","timestamp":"2022-08-18T14:01:41.629Z"}
{"component":"creator-contests","level":"info","message":"fetch contest stream success","service":"backend","timestamp":"2022-08-18T14:01:46.658Z"}
{"component":"creator-contests","level":"info","message":"fetch contest stream success","service":"backend","timestamp":"2022-08-18T14:02:26.060Z"}
{"component":"creator-contests","level":"info","message":"fetch contest stream success","service":"backend","timestamp":"2022-08-18T14:07:00.447Z"}
{"component":"creator-contests","level":"info","message":"fetch contest stream success","service":"backend","timestamp":"2022-08-18T14:07:52.570Z"}
{"component":"creator-contests","level":"info","message":"fetch contest stream success","service":"backend","timestamp":"2022-08-18T14:07:56.805Z"}
{"component":"creator-contests","level":"info","message":"fetch contest stream success","service":"backend","timestamp":"2022-08-18T14:08:12.119Z"}
{"component":"creator-contests","level":"info","message":"fetch contest stream success","service":"backend","timestamp":"2022-08-18T14:09:40.606Z"}
{"component":"creator-contests","level":"info","message":"fetch contest stream success","service":"backend","timestamp":"2022-08-18T14:10:40.743Z"}
